<?xml version="1.0" encoding="UTF-8"?>
<testng-results ignored="0" total="2" passed="2" failed="0" skipped="0">
  <reporter-output>
  </reporter-output>
  <suite started-at="2024-04-27T21:45:27 IST" name="Suite" finished-at="2024-04-27T21:46:38 IST" duration-ms="71175">
    <groups>
    </groups>
    <test started-at="2024-04-27T21:45:27 IST" name="Test" finished-at="2024-04-27T21:46:38 IST" duration-ms="71175">
      <class name="corbett_siku.FullFlowWithWaits_Profile1">
        <test-method signature="FillMemberDetails()[pri:0, instance:corbett_siku.FullFlowWithWaits_Profile1@33ecda92]" started-at="2024-04-27T21:45:27 IST" name="FillMemberDetails" finished-at="2024-04-27T21:46:35 IST" duration-ms="68744" status="PASS">
          <reporter-output>
          </reporter-output>
        </test-method> <!-- FillMemberDetails -->
        <test-method signature="EnterMobile()[pri:0, instance:corbett_siku.FullFlowWithWaits_Profile1@33ecda92]" started-at="2024-04-27T21:46:35 IST" name="EnterMobile" finished-at="2024-04-27T21:46:38 IST" duration-ms="2324" status="PASS">
          <reporter-output>
          </reporter-output>
        </test-method> <!-- EnterMobile -->
      </class> <!-- corbett_siku.FullFlowWithWaits_Profile1 -->
    </test> <!-- Test -->
  </suite> <!-- Suite -->
</testng-results>
