<?xml version="1.0" encoding="UTF-8"?>
<testng-results ignored="0" total="2" passed="2" failed="0" skipped="0">
  <reporter-output>
  </reporter-output>
  <suite started-at="2024-04-27T21:23:10 IST" name="Suite" finished-at="2024-04-27T21:24:39 IST" duration-ms="89012">
    <groups>
    </groups>
    <test started-at="2024-04-27T21:23:10 IST" name="Test" finished-at="2024-04-27T21:24:39 IST" duration-ms="89012">
      <class name="corbett_siku.FullFlowWithWaits_Profile1">
        <test-method signature="FillMemberDetails()[pri:0, instance:corbett_siku.FullFlowWithWaits_Profile1@33ecda92]" started-at="2024-04-27T21:23:10 IST" name="FillMemberDetails" finished-at="2024-04-27T21:24:36 IST" duration-ms="85834" status="PASS">
          <reporter-output>
          </reporter-output>
        </test-method> <!-- FillMemberDetails -->
        <test-method signature="EnterMobile()[pri:0, instance:corbett_siku.FullFlowWithWaits_Profile1@33ecda92]" started-at="2024-04-27T21:24:36 IST" name="EnterMobile" finished-at="2024-04-27T21:24:39 IST" duration-ms="3123" status="PASS">
          <reporter-output>
          </reporter-output>
        </test-method> <!-- EnterMobile -->
      </class> <!-- corbett_siku.FullFlowWithWaits_Profile1 -->
    </test> <!-- Test -->
  </suite> <!-- Suite -->
</testng-results>
